<?xml version="1.0" encoding="UTF-8"?>
<!-- Generated by org.testng.reporters.JUnitReportReporter -->
<testsuite hostname="DESKTOP-H5PSRKV" name="com.demotelecom.tests.guru99TChomepagTest" tests="1" failures="0" timestamp="25 Sep 2018 07:22:42 GMT" time="36.521" errors="0">
  <testcase name="verifyguru99TChomepag" time="36.521" classname="com.demotelecom.tests.guru99TChomepagTest"/>
</testsuite> <!-- com.demotelecom.tests.guru99TChomepagTest -->
