<?xml version="1.0" encoding="UTF-8"?>
<!-- Generated by org.testng.reporters.JUnitReportReporter -->
<testsuite hostname="DESKTOP-H5PSRKV" name="com.demotelecom.tests.guru99TCpayBillTest" tests="1" failures="0" timestamp="25 Sep 2018 07:22:42 GMT" time="23.915" errors="0">
  <testcase name="verifyguru99TCpaBillTest" time="23.915" classname="com.demotelecom.tests.guru99TCpayBillTest"/>
</testsuite> <!-- com.demotelecom.tests.guru99TCpayBillTest -->
