<?xml version="1.0" encoding="UTF-8"?>
<!-- Generated by org.testng.reporters.JUnitReportReporter -->
<testsuite hostname="DESKTOP-H5PSRKV" name="com.demotelecom.tests.guru99TCAddTariffPlanTest" tests="1" failures="0" timestamp="25 Sep 2018 07:00:37 GMT" time="74.455" errors="0">
  <testcase name="verifyguru99TCAddTariffPlanTest" time="74.455" classname="com.demotelecom.tests.guru99TCAddTariffPlanTest"/>
</testsuite> <!-- com.demotelecom.tests.guru99TCAddTariffPlanTest -->
