<?xml version="1.0" encoding="UTF-8"?>
<!-- Generated by org.testng.reporters.JUnitReportReporter -->
<testsuite hostname="DESKTOP-H5PSRKV" name="com.demotelecom.tests.guru99TCAddTariffPlanToCustTest" tests="1" failures="0" timestamp="25 Sep 2018 07:32:09 GMT" time="32.768" errors="0">
  <testcase name="verifyATPTCTest" time="32.768" classname="com.demotelecom.tests.guru99TCAddTariffPlanToCustTest"/>
</testsuite> <!-- com.demotelecom.tests.guru99TCAddTariffPlanToCustTest -->
