<?xml version="1.0" encoding="UTF-8"?>
<!-- Generated by org.testng.reporters.JUnitReportReporter -->
<testsuite hostname="DESKTOP-H5PSRKV" name="com.demotelecom.tests.guru99TCaddcustomerTest" tests="1" failures="0" timestamp="25 Sep 2018 07:32:08 GMT" time="20.539" errors="0">
  <testcase name="verifyaddcusomerpageTest" time="20.539" classname="com.demotelecom.tests.guru99TCaddcustomerTest"/>
</testsuite> <!-- com.demotelecom.tests.guru99TCaddcustomerTest -->
